<?xml version="1.0" encoding="UTF-8"?>
<!-- Generated by org.testng.reporters.JUnitReportReporter -->
<testsuite skipped="0" hostname="HDC3-L-6K6R0X2" name="com.guru.qa.testcases.NewCustomerTest" tests="10" failures="0" timestamp="18 Jan 2021 09:57:48 GMT" time="12.507" errors="0">
  <testcase name="newCustomer" time="1.173" classname="com.guru.qa.testcases.NewCustomerTest"/>
  <testcase name="newCustomer" time="1.218" classname="com.guru.qa.testcases.NewCustomerTest"/>
  <testcase name="newCustomer" time="1.250" classname="com.guru.qa.testcases.NewCustomerTest"/>
  <testcase name="newCustomer" time="1.271" classname="com.guru.qa.testcases.NewCustomerTest"/>
  <testcase name="newCustomer" time="1.292" classname="com.guru.qa.testcases.NewCustomerTest"/>
  <testcase name="newCustomer" time="1.127" classname="com.guru.qa.testcases.NewCustomerTest"/>
  <testcase name="newCustomer" time="1.941" classname="com.guru.qa.testcases.NewCustomerTest"/>
  <testcase name="newCustomer" time="1.010" classname="com.guru.qa.testcases.NewCustomerTest"/>
  <testcase name="newCustomer" time="1.079" classname="com.guru.qa.testcases.NewCustomerTest"/>
  <testcase name="newCustomer" time="1.146" classname="com.guru.qa.testcases.NewCustomerTest"/>
</testsuite> <!-- com.guru.qa.testcases.NewCustomerTest -->
