<?xml version="1.0" encoding="UTF-8"?>
<!-- Generated by org.testng.reporters.JUnitReportReporter -->
<testsuite skipped="0" hostname="HDC3-L-6K6R0X2" name="com.guru.qa.testcases.NewAccountTest" tests="3" failures="0" timestamp="18 Jan 2021 14:21:09 GMT" time="2.194" errors="0">
  <testcase name="createNewAccount" time="0.409" classname="com.guru.qa.testcases.NewAccountTest"/>
  <testcase name="createNewAccount" time="1.066" classname="com.guru.qa.testcases.NewAccountTest"/>
  <testcase name="createNewAccount" time="0.719" classname="com.guru.qa.testcases.NewAccountTest"/>
</testsuite> <!-- com.guru.qa.testcases.NewAccountTest -->
